{"/home/anita/Documents/Projects/brainsandbrawns/site/server.js":{"path":"/home/anita/Documents/Projects/brainsandbrawns/site/server.js","s":{"1":1,"2":1,"3":1,"4":1,"5":1,"6":1,"7":1,"8":1,"9":1,"10":1,"11":1,"12":1,"13":1,"14":1,"15":1,"16":1,"17":1,"18":1},"b":{"1":[1,1]},"f":{},"fnMap":{},"statementMap":{"1":{"start":{"line":3,"column":0},"end":{"line":3,"column":31}},"2":{"start":{"line":4,"column":0},"end":{"line":4,"column":29}},"3":{"start":{"line":5,"column":0},"end":{"line":5,"column":33}},"4":{"start":{"line":6,"column":0},"end":{"line":6,"column":29}},"5":{"start":{"line":7,"column":0},"end":{"line":7,"column":41}},"6":{"start":{"line":9,"column":0},"end":{"line":9,"column":33}},"7":{"start":{"line":12,"column":0},"end":{"line":12,"column":43}},"8":{"start":{"line":13,"column":0},"end":{"line":13,"column":39}},"9":{"start":{"line":14,"column":0},"end":{"line":14,"column":35}},"10":{"start":{"line":16,"column":0},"end":{"line":19,"column":3}},"11":{"start":{"line":21,"column":0},"end":{"line":21,"column":59}},"12":{"start":{"line":23,"column":0},"end":{"line":40,"column":3}},"13":{"start":{"line":24,"column":2},"end":{"line":24,"column":64}},"14":{"start":{"line":26,"column":2},"end":{"line":34,"column":5}},"15":{"start":{"line":36,"column":2},"end":{"line":39,"column":5}},"16":{"start":{"line":37,"column":4},"end":{"line":37,"column":60}},"17":{"start":{"line":38,"column":4},"end":{"line":38,"column":59}},"18":{"start":{"line":42,"column":0},"end":{"line":42,"column":24}}},"branchMap":{"1":{"line":17,"type":"binary-expr","locations":[{"start":{"line":17,"column":15},"end":{"line":17,"column":31}},{"start":{"line":17,"column":35},"end":{"line":17,"column":39}}]}}},"/home/anita/Documents/Projects/brainsandbrawns/site/lib/error.js":{"path":"/home/anita/Documents/Projects/brainsandbrawns/site/lib/error.js","s":{"1":1,"2":1,"3":0,"4":0,"5":0,"6":0,"7":1,"8":1},"b":{"1":[0,0]},"f":{},"fnMap":{},"statementMap":{"1":{"start":{"line":7,"column":0},"end":{"line":23,"column":2}},"2":{"start":{"line":9,"column":2},"end":{"line":20,"column":5}},"3":{"start":{"line":11,"column":4},"end":{"line":11,"column":31}},"4":{"start":{"line":13,"column":4},"end":{"line":16,"column":5}},"5":{"start":{"line":15,"column":6},"end":{"line":15,"column":67}},"6":{"start":{"line":18,"column":4},"end":{"line":18,"column":28}},"7":{"start":{"line":22,"column":2},"end":{"line":22,"column":16}},"8":{"start":{"line":25,"column":0},"end":{"line":27,"column":2}}},"branchMap":{"1":{"line":13,"type":"if","locations":[{"start":{"line":13,"column":4},"end":{"line":13,"column":4}},{"start":{"line":13,"column":4},"end":{"line":13,"column":4}}]}}},"/home/anita/Documents/Projects/brainsandbrawns/site/lib/assets.js":{"path":"/home/anita/Documents/Projects/brainsandbrawns/site/lib/assets.js","s":{"1":1,"2":1,"3":1,"4":1},"b":{},"f":{"1":1},"fnMap":{"1":{"name":"(anonymous_1)","line":7,"loc":{"start":{"line":7,"column":19},"end":{"line":7,"column":52}}}},"statementMap":{"1":{"start":{"line":7,"column":0},"end":{"line":24,"column":2}},"2":{"start":{"line":9,"column":2},"end":{"line":21,"column":5}},"3":{"start":{"line":23,"column":2},"end":{"line":23,"column":16}},"4":{"start":{"line":26,"column":0},"end":{"line":28,"column":2}}},"branchMap":{}},"/home/anita/Documents/Projects/brainsandbrawns/site/lib/home.js":{"path":"/home/anita/Documents/Projects/brainsandbrawns/site/lib/home.js","s":{"1":1,"2":1,"3":0,"4":1,"5":1},"b":{},"f":{},"fnMap":{},"statementMap":{"1":{"start":{"line":7,"column":0},"end":{"line":21,"column":1}},"2":{"start":{"line":9,"column":2},"end":{"line":18,"column":5}},"3":{"start":{"line":16,"column":6},"end":{"line":16,"column":32}},"4":{"start":{"line":20,"column":2},"end":{"line":20,"column":16}},"5":{"start":{"line":23,"column":0},"end":{"line":25,"column":1}}},"branchMap":{}}}