TN:
SF:/home/anita/Documents/Projects/brainsandbrawns/site/server.js
FNF:0
FNH:0
DA:3,1
DA:4,1
DA:5,1
DA:6,1
DA:7,1
DA:9,1
DA:12,1
DA:13,1
DA:14,1
DA:16,1
DA:21,1
DA:23,1
DA:24,1
DA:26,1
DA:36,1
DA:37,1
DA:38,1
DA:42,1
LF:18
LH:18
BRDA:17,1,0,1
BRDA:17,1,1,1
BRF:2
BRH:2
end_of_record
TN:
SF:/home/anita/Documents/Projects/brainsandbrawns/site/lib/error.js
FNF:0
FNH:0
DA:7,1
DA:9,1
DA:11,0
DA:13,0
DA:15,0
DA:18,0
DA:22,1
DA:25,1
LF:8
LH:4
BRDA:13,1,0,0
BRDA:13,1,1,0
BRF:2
BRH:0
end_of_record
TN:
SF:/home/anita/Documents/Projects/brainsandbrawns/site/lib/assets.js
FN:7,(anonymous_1)
FNF:1
FNH:1
FNDA:1,(anonymous_1)
DA:7,1
DA:9,1
DA:23,1
DA:26,1
LF:4
LH:4
BRF:0
BRH:0
end_of_record
TN:
SF:/home/anita/Documents/Projects/brainsandbrawns/site/lib/home.js
FNF:0
FNH:0
DA:7,1
DA:9,1
DA:16,0
DA:20,1
DA:23,1
LF:5
LH:4
BRF:0
BRH:0
end_of_record
